
  .   ____          _            __ _ _
 /\\ / ___'_ __ _ _(_)_ __  __ _ \ \ \ \
( ( )\___ | '_ | '_| | '_ \/ _` | \ \ \ \
 \\/  ___)| |_)| | | | | || (_| |  ) ) ) )
  '  |____| .__|_| |_|_| |_\__, | / / / /
 =========|_|==============|___/=/_/_/_/

 :: Spring Boot ::                (v4.0.0)

2025-12-06T09:02:04.769+01:00  INFO 36427 --- [p2] [           main] com.nathan.p2.P2Application              : Starting P2Application v0.0.1-SNAPSHOT using Java 21.0.9 with PID 36427 (/home/boutchouang-nathan/SpringbootProjects/p2/target/p2-0.0.1-SNAPSHOT.jar started by boutchouang-nathan in /home/boutchouang-nathan/SpringbootProjects/p2)
2025-12-06T09:02:04.777+01:00 DEBUG 36427 --- [p2] [           main] com.nathan.p2.P2Application              : Running with Spring Boot v4.0.0, Spring v7.0.1
2025-12-06T09:02:04.780+01:00  INFO 36427 --- [p2] [           main] com.nathan.p2.P2Application              : No active profile set, falling back to 1 default profile: "default"
2025-12-06T09:02:06.183+01:00  INFO 36427 --- [p2] [           main] .s.d.r.c.RepositoryConfigurationDelegate : Bootstrapping Spring Data R2DBC repositories in DEFAULT mode.
2025-12-06T09:02:06.500+01:00  INFO 36427 --- [p2] [           main] .s.d.r.c.RepositoryConfigurationDelegate : Finished Spring Data repository scanning in 307 ms. Found 5 R2DBC repository interfaces.
2025-12-06T09:02:09.518+01:00  WARN 36427 --- [p2] [           main] onfigReactiveWebServerApplicationContext : Exception encountered during context initialization - cancelling refresh attempt: org.springframework.beans.factory.BeanCreationException: Error creating bean with name 'initializer' defined in class path resource [com/nathan/p2/config/DatabaseConfig.class]: Failed to execute database script
2025-12-06T09:02:09.556+01:00  INFO 36427 --- [p2] [           main] .s.b.a.l.ConditionEvaluationReportLogger : 

Error starting ApplicationContext. To display the condition evaluation report re-run your application with 'debug' enabled.
2025-12-06T09:02:09.597+01:00 ERROR 36427 --- [p2] [           main] o.s.boot.SpringApplication               : Application run failed

org.springframework.beans.factory.BeanCreationException: Error creating bean with name 'initializer' defined in class path resource [com/nathan/p2/config/DatabaseConfig.class]: Failed to execute database script
	at org.springframework.beans.factory.support.AbstractAutowireCapableBeanFactory.initializeBean(AbstractAutowireCapableBeanFactory.java:1817) ~[spring-beans-7.0.1.jar!/:7.0.1]
	at org.springframework.beans.factory.support.AbstractAutowireCapableBeanFactory.doCreateBean(AbstractAutowireCapableBeanFactory.java:603) ~[spring-beans-7.0.1.jar!/:7.0.1]
	at org.springframework.beans.factory.support.AbstractAutowireCapableBeanFactory.createBean(AbstractAutowireCapableBeanFactory.java:525) ~[spring-beans-7.0.1.jar!/:7.0.1]
	at org.springframework.beans.factory.support.AbstractBeanFactory.lambda$doGetBean$0(AbstractBeanFactory.java:333) ~[spring-beans-7.0.1.jar!/:7.0.1]
	at org.springframework.beans.factory.support.DefaultSingletonBeanRegistry.getSingleton(DefaultSingletonBeanRegistry.java:371) ~[spring-beans-7.0.1.jar!/:7.0.1]
	at org.springframework.beans.factory.support.AbstractBeanFactory.doGetBean(AbstractBeanFactory.java:331) ~[spring-beans-7.0.1.jar!/:7.0.1]
	at org.springframework.beans.factory.support.AbstractBeanFactory.getBean(AbstractBeanFactory.java:196) ~[spring-beans-7.0.1.jar!/:7.0.1]
	at org.springframework.beans.factory.support.DefaultListableBeanFactory.instantiateSingleton(DefaultListableBeanFactory.java:1218) ~[spring-beans-7.0.1.jar!/:7.0.1]
	at org.springframework.beans.factory.support.DefaultListableBeanFactory.preInstantiateSingleton(DefaultListableBeanFactory.java:1184) ~[spring-beans-7.0.1.jar!/:7.0.1]
	at org.springframework.beans.factory.support.DefaultListableBeanFactory.preInstantiateSingletons(DefaultListableBeanFactory.java:1121) ~[spring-beans-7.0.1.jar!/:7.0.1]
	at org.springframework.context.support.AbstractApplicationContext.finishBeanFactoryInitialization(AbstractApplicationContext.java:983) ~[spring-context-7.0.1.jar!/:7.0.1]
	at org.springframework.context.support.AbstractApplicationContext.refresh(AbstractApplicationContext.java:620) ~[spring-context-7.0.1.jar!/:7.0.1]
	at org.springframework.boot.web.server.reactive.context.ReactiveWebServerApplicationContext.refresh(ReactiveWebServerApplicationContext.java:69) ~[spring-boot-web-server-4.0.0.jar!/:4.0.0]
	at org.springframework.boot.SpringApplication.refresh(SpringApplication.java:765) ~[spring-boot-4.0.0.jar!/:4.0.0]
	at org.springframework.boot.SpringApplication.refreshContext(SpringApplication.java:454) ~[spring-boot-4.0.0.jar!/:4.0.0]
	at org.springframework.boot.SpringApplication.run(SpringApplication.java:321) ~[spring-boot-4.0.0.jar!/:4.0.0]
	at org.springframework.boot.SpringApplication.run(SpringApplication.java:1374) ~[spring-boot-4.0.0.jar!/:4.0.0]
	at org.springframework.boot.SpringApplication.run(SpringApplication.java:1363) ~[spring-boot-4.0.0.jar!/:4.0.0]
	at com.nathan.p2.P2Application.main(P2Application.java:14) ~[!/:0.0.1-SNAPSHOT]
	at java.base/jdk.internal.reflect.DirectMethodHandleAccessor.invoke(DirectMethodHandleAccessor.java:103) ~[na:na]
	at java.base/java.lang.reflect.Method.invoke(Method.java:580) ~[na:na]
	at org.springframework.boot.loader.launch.Launcher.launch(Launcher.java:106) ~[p2-0.0.1-SNAPSHOT.jar:0.0.1-SNAPSHOT]
	at org.springframework.boot.loader.launch.Launcher.launch(Launcher.java:64) ~[p2-0.0.1-SNAPSHOT.jar:0.0.1-SNAPSHOT]
	at org.springframework.boot.loader.launch.JarLauncher.main(JarLauncher.java:40) ~[p2-0.0.1-SNAPSHOT.jar:0.0.1-SNAPSHOT]
Caused by: org.springframework.r2dbc.connection.init.UncategorizedScriptException: Failed to execute database script
	at org.springframework.r2dbc.connection.init.DatabasePopulator.lambda$populate$4(DatabasePopulator.java:65) ~[spring-r2dbc-7.0.1.jar!/:7.0.1]
	at reactor.core.publisher.Mono.lambda$onErrorMap$0(Mono.java:3841) ~[reactor-core-3.8.0.jar!/:3.8.0]
	at reactor.core.publisher.Mono.lambda$onErrorResume$0(Mono.java:3931) ~[reactor-core-3.8.0.jar!/:3.8.0]
	at reactor.core.publisher.FluxOnErrorResume$ResumeSubscriber.onError(FluxOnErrorResume.java:95) ~[reactor-core-3.8.0.jar!/:3.8.0]
	at reactor.core.publisher.MonoUsingWhen$ResourceSubscriber.onError(MonoUsingWhen.java:206) ~[reactor-core-3.8.0.jar!/:3.8.0]
	at reactor.core.publisher.FluxOnErrorResume$ResumeSubscriber.onError(FluxOnErrorResume.java:107) ~[reactor-core-3.8.0.jar!/:3.8.0]
	at reactor.core.publisher.Operators.error(Operators.java:198) ~[reactor-core-3.8.0.jar!/:3.8.0]
	at reactor.core.publisher.MonoError.subscribe(MonoError.java:54) ~[reactor-core-3.8.0.jar!/:3.8.0]
	at reactor.core.publisher.Mono.subscribe(Mono.java:4569) ~[reactor-core-3.8.0.jar!/:3.8.0]
	at reactor.core.publisher.FluxOnErrorResume$ResumeSubscriber.onError(FluxOnErrorResume.java:104) ~[reactor-core-3.8.0.jar!/:3.8.0]
	at reactor.core.publisher.FluxOnErrorResume$ResumeSubscriber.onError(FluxOnErrorResume.java:107) ~[reactor-core-3.8.0.jar!/:3.8.0]
	at reactor.core.publisher.FluxRetry$RetrySubscriber.onError(FluxRetry.java:97) ~[reactor-core-3.8.0.jar!/:3.8.0]
	at reactor.core.publisher.MonoFlatMap$FlatMapMain.onError(MonoFlatMap.java:181) ~[reactor-core-3.8.0.jar!/:3.8.0]
	at reactor.pool.AbstractPool$Borrower.fail(AbstractPool.java:478) ~[reactor-pool-1.2.0.jar!/:1.2.0]
	at reactor.pool.SimpleDequePool.lambda$drainLoop$9(SimpleDequePool.java:444) ~[reactor-pool-1.2.0.jar!/:1.2.0]
	at reactor.core.publisher.FluxDoOnEach$DoOnEachSubscriber.onError(FluxDoOnEach.java:186) ~[reactor-core-3.8.0.jar!/:3.8.0]
	at reactor.core.publisher.MonoSubscribeOn$SubscribeOnSubscriber.onError(MonoSubscribeOn.java:155) ~[reactor-core-3.8.0.jar!/:3.8.0]
	at reactor.core.publisher.FluxMapFuseable$MapFuseableSubscriber.onError(FluxMapFuseable.java:143) ~[reactor-core-3.8.0.jar!/:3.8.0]
	at reactor.core.publisher.MonoSupplier$MonoSupplierSubscription.request(MonoSupplier.java:131) ~[reactor-core-3.8.0.jar!/:3.8.0]
	at reactor.core.publisher.FluxMapFuseable$MapFuseableSubscriber.request(FluxMapFuseable.java:172) ~[reactor-core-3.8.0.jar!/:3.8.0]
	at reactor.core.publisher.MonoSubscribeOn$SubscribeOnSubscriber.trySchedule(MonoSubscribeOn.java:192) ~[reactor-core-3.8.0.jar!/:3.8.0]
	at reactor.core.publisher.MonoSubscribeOn$SubscribeOnSubscriber.onSubscribe(MonoSubscribeOn.java:137) ~[reactor-core-3.8.0.jar!/:3.8.0]
	at reactor.core.publisher.FluxMapFuseable$MapFuseableSubscriber.onSubscribe(FluxMapFuseable.java:96) ~[reactor-core-3.8.0.jar!/:3.8.0]
	at reactor.core.publisher.MonoSupplier.subscribe(MonoSupplier.java:47) ~[reactor-core-3.8.0.jar!/:3.8.0]
	at reactor.core.publisher.Mono.subscribe(Mono.java:4569) ~[reactor-core-3.8.0.jar!/:3.8.0]
	at reactor.core.publisher.MonoSubscribeOn$SubscribeOnSubscriber.run(MonoSubscribeOn.java:129) ~[reactor-core-3.8.0.jar!/:3.8.0]
	at reactor.core.scheduler.WorkerTask.call(WorkerTask.java:93) ~[reactor-core-3.8.0.jar!/:3.8.0]
	at reactor.core.scheduler.WorkerTask.call(WorkerTask.java:37) ~[reactor-core-3.8.0.jar!/:3.8.0]
	at java.base/java.util.concurrent.FutureTask.run(FutureTask.java:317) ~[na:na]
	at java.base/java.util.concurrent.ScheduledThreadPoolExecutor$ScheduledFutureTask.run(ScheduledThreadPoolExecutor.java:304) ~[na:na]
	at java.base/java.util.concurrent.ThreadPoolExecutor.runWorker(ThreadPoolExecutor.java:1144) ~[na:na]
	at java.base/java.util.concurrent.ThreadPoolExecutor$Worker.run(ThreadPoolExecutor.java:642) ~[na:na]
	at java.base/java.lang.Thread.run(Thread.java:1583) ~[na:na]
	Suppressed: java.lang.Exception: #block terminated with an error
		at reactor.core.publisher.BlockingSingleSubscriber.blockingGet(BlockingSingleSubscriber.java:104) ~[reactor-core-3.8.0.jar!/:3.8.0]
		at reactor.core.publisher.Mono.block(Mono.java:1773) ~[reactor-core-3.8.0.jar!/:3.8.0]
		at org.springframework.r2dbc.connection.init.ConnectionFactoryInitializer.execute(ConnectionFactoryInitializer.java:109) ~[spring-r2dbc-7.0.1.jar!/:7.0.1]
		at org.springframework.r2dbc.connection.init.ConnectionFactoryInitializer.afterPropertiesSet(ConnectionFactoryInitializer.java:94) ~[spring-r2dbc-7.0.1.jar!/:7.0.1]
		at org.springframework.beans.factory.support.AbstractAutowireCapableBeanFactory.invokeInitMethods(AbstractAutowireCapableBeanFactory.java:1864) ~[spring-beans-7.0.1.jar!/:7.0.1]
		at org.springframework.beans.factory.support.AbstractAutowireCapableBeanFactory.initializeBean(AbstractAutowireCapableBeanFactory.java:1813) ~[spring-beans-7.0.1.jar!/:7.0.1]
		at org.springframework.beans.factory.support.AbstractAutowireCapableBeanFactory.doCreateBean(AbstractAutowireCapableBeanFactory.java:603) ~[spring-beans-7.0.1.jar!/:7.0.1]
		at org.springframework.beans.factory.support.AbstractAutowireCapableBeanFactory.createBean(AbstractAutowireCapableBeanFactory.java:525) ~[spring-beans-7.0.1.jar!/:7.0.1]
		at org.springframework.beans.factory.support.AbstractBeanFactory.lambda$doGetBean$0(AbstractBeanFactory.java:333) ~[spring-beans-7.0.1.jar!/:7.0.1]
		at org.springframework.beans.factory.support.DefaultSingletonBeanRegistry.getSingleton(DefaultSingletonBeanRegistry.java:371) ~[spring-beans-7.0.1.jar!/:7.0.1]
		at org.springframework.beans.factory.support.AbstractBeanFactory.doGetBean(AbstractBeanFactory.java:331) ~[spring-beans-7.0.1.jar!/:7.0.1]
		at org.springframework.beans.factory.support.AbstractBeanFactory.getBean(AbstractBeanFactory.java:196) ~[spring-beans-7.0.1.jar!/:7.0.1]
		at org.springframework.beans.factory.support.DefaultListableBeanFactory.instantiateSingleton(DefaultListableBeanFactory.java:1218) ~[spring-beans-7.0.1.jar!/:7.0.1]
		at org.springframework.beans.factory.support.DefaultListableBeanFactory.preInstantiateSingleton(DefaultListableBeanFactory.java:1184) ~[spring-beans-7.0.1.jar!/:7.0.1]
		at org.springframework.beans.factory.support.DefaultListableBeanFactory.preInstantiateSingletons(DefaultListableBeanFactory.java:1121) ~[spring-beans-7.0.1.jar!/:7.0.1]
		at org.springframework.context.support.AbstractApplicationContext.finishBeanFactoryInitialization(AbstractApplicationContext.java:983) ~[spring-context-7.0.1.jar!/:7.0.1]
		at org.springframework.context.support.AbstractApplicationContext.refresh(AbstractApplicationContext.java:620) ~[spring-context-7.0.1.jar!/:7.0.1]
		at org.springframework.boot.web.server.reactive.context.ReactiveWebServerApplicationContext.refresh(ReactiveWebServerApplicationContext.java:69) ~[spring-boot-web-server-4.0.0.jar!/:4.0.0]
		at org.springframework.boot.SpringApplication.refresh(SpringApplication.java:765) ~[spring-boot-4.0.0.jar!/:4.0.0]
		at org.springframework.boot.SpringApplication.refreshContext(SpringApplication.java:454) ~[spring-boot-4.0.0.jar!/:4.0.0]
		at org.springframework.boot.SpringApplication.run(SpringApplication.java:321) ~[spring-boot-4.0.0.jar!/:4.0.0]
		at org.springframework.boot.SpringApplication.run(SpringApplication.java:1374) ~[spring-boot-4.0.0.jar!/:4.0.0]
		at org.springframework.boot.SpringApplication.run(SpringApplication.java:1363) ~[spring-boot-4.0.0.jar!/:4.0.0]
		at com.nathan.p2.P2Application.main(P2Application.java:14) ~[!/:0.0.1-SNAPSHOT]
		at java.base/jdk.internal.reflect.DirectMethodHandleAccessor.invoke(DirectMethodHandleAccessor.java:103) ~[na:na]
		at java.base/java.lang.reflect.Method.invoke(Method.java:580) ~[na:na]
		at org.springframework.boot.loader.launch.Launcher.launch(Launcher.java:106) ~[p2-0.0.1-SNAPSHOT.jar:0.0.1-SNAPSHOT]
		at org.springframework.boot.loader.launch.Launcher.launch(Launcher.java:64) ~[p2-0.0.1-SNAPSHOT.jar:0.0.1-SNAPSHOT]
		at org.springframework.boot.loader.launch.JarLauncher.main(JarLauncher.java:40) ~[p2-0.0.1-SNAPSHOT.jar:0.0.1-SNAPSHOT]
Caused by: org.springframework.dao.DataAccessResourceFailureException: Failed to obtain R2DBC Connection
	at org.springframework.r2dbc.connection.ConnectionFactoryUtils.lambda$getConnection$0(ConnectionFactoryUtils.java:102) ~[spring-r2dbc-7.0.1.jar!/:7.0.1]
	at reactor.core.publisher.Mono.lambda$onErrorMap$1(Mono.java:3855) ~[reactor-core-3.8.0.jar!/:3.8.0]
	at reactor.core.publisher.FluxOnErrorResume$ResumeSubscriber.onError(FluxOnErrorResume.java:95) ~[reactor-core-3.8.0.jar!/:3.8.0]
	... 23 common frames omitted
Caused by: io.r2dbc.spi.R2dbcNonTransientResourceException: Database may be already in use: "/home/boutchouang-nathan/SpringbootProjects/p2/data/eca.mv.db". Possible solutions: close all other connection(s); use the server mode [90020-240]
	at io.r2dbc.h2.H2DatabaseExceptionFactory.convert(H2DatabaseExceptionFactory.java:76) ~[r2dbc-h2-1.1.0.RELEASE.jar!/:1.1.0.RELEASE]
	at io.r2dbc.h2.H2ConnectionFactory.getSessionClient(H2ConnectionFactory.java:116) ~[r2dbc-h2-1.1.0.RELEASE.jar!/:1.1.0.RELEASE]
	at io.r2dbc.h2.H2ConnectionFactory.lambda$new$0(H2ConnectionFactory.java:50) ~[r2dbc-h2-1.1.0.RELEASE.jar!/:1.1.0.RELEASE]
	at reactor.core.publisher.MonoSupplier$MonoSupplierSubscription.request(MonoSupplier.java:123) ~[reactor-core-3.8.0.jar!/:3.8.0]
	... 14 common frames omitted
Caused by: org.h2.jdbc.JdbcSQLNonTransientConnectionException: Database may be already in use: "/home/boutchouang-nathan/SpringbootProjects/p2/data/eca.mv.db". Possible solutions: close all other connection(s); use the server mode [90020-240]
	at org.h2.message.DbException.getJdbcSQLException(DbException.java:690) ~[h2-2.4.240.jar!/:na]
	at org.h2.message.DbException.getJdbcSQLException(DbException.java:489) ~[h2-2.4.240.jar!/:na]
	at org.h2.message.DbException.get(DbException.java:212) ~[h2-2.4.240.jar!/:na]
	at org.h2.mvstore.db.Store.convertMVStoreException(Store.java:165) ~[h2-2.4.240.jar!/:na]
	at org.h2.mvstore.db.Store.<init>(Store.java:142) ~[h2-2.4.240.jar!/:na]
	at org.h2.engine.Database.<init>(Database.java:328) ~[h2-2.4.240.jar!/:na]
	at org.h2.engine.Engine.openSession(Engine.java:92) ~[h2-2.4.240.jar!/:na]
	at org.h2.engine.Engine.openSession(Engine.java:222) ~[h2-2.4.240.jar!/:na]
	at org.h2.engine.Engine.createSession(Engine.java:201) ~[h2-2.4.240.jar!/:na]
	at org.h2.engine.SessionRemote.connectEmbeddedOrServer(SessionRemote.java:350) ~[h2-2.4.240.jar!/:na]
	at io.r2dbc.h2.client.SessionClient.<init>(SessionClient.java:62) ~[r2dbc-h2-1.1.0.RELEASE.jar!/:1.1.0.RELEASE]
	at io.r2dbc.h2.H2ConnectionFactory.getSessionClient(H2ConnectionFactory.java:114) ~[r2dbc-h2-1.1.0.RELEASE.jar!/:1.1.0.RELEASE]
	... 16 common frames omitted
Caused by: org.h2.mvstore.MVStoreException: The file is locked: /home/boutchouang-nathan/SpringbootProjects/p2/data/eca.mv.db [2.4.240/7]
	at org.h2.mvstore.DataUtils.newMVStoreException(DataUtils.java:996) ~[h2-2.4.240.jar!/:na]
	at org.h2.mvstore.SingleFileStore.lockFileChannel(SingleFileStore.java:143) ~[h2-2.4.240.jar!/:na]
	at org.h2.mvstore.SingleFileStore.open(SingleFileStore.java:117) ~[h2-2.4.240.jar!/:na]
	at org.h2.mvstore.SingleFileStore.open(SingleFileStore.java:81) ~[h2-2.4.240.jar!/:na]
	at org.h2.mvstore.MVStore.<init>(MVStore.java:291) ~[h2-2.4.240.jar!/:na]
	at org.h2.mvstore.MVStore$Builder.open(MVStore.java:2164) ~[h2-2.4.240.jar!/:na]
	at org.h2.mvstore.db.Store.<init>(Store.java:133) ~[h2-2.4.240.jar!/:na]
	... 23 common frames omitted

